<?xml version="1.0" encoding="UTF-8"?>
<!-- Generated by org.testng.reporters.JUnitReportReporter -->
<testsuite skipped="0" hostname="KKOVBASA" name="da.qa.school.tests.Test2" tests="1" failures="0" timestamp="11 May 2017 21:45:41 GMT" time="3.539" errors="0">
  <testcase name="some_test_method" time="3.539" classname="da.qa.school.tests.Test2"/>
</testsuite> <!-- da.qa.school.tests.Test2 -->
